<?xml version="1.0" encoding="UTF-8"?>
<testsuite xmlns:xsi="http://www.w3.org/2001/XMLSchema-instance" xsi:noNamespaceSchemaLocation="https://maven.apache.org/surefire/maven-surefire-plugin/xsd/surefire-test-report-3.0.xsd" version="3.0" name="com.snackbar.pickup.usecase.NotifyCustomerUseCaseImplTest" time="0.054" tests="2" errors="0" skipped="0" failures="0">
  <properties>
[...]
</properties>
  <testcase name="testNotify_whenSavingPickup_shouldSetCorrectValues" classname="com.snackbar.pickup.usecase.NotifyCustomerUseCaseImplTest" time="0.049">
    <system-out><![CDATA[Pedido 123 está PRONTO, Cliente notificado
]]></system-out>
  </testcase>
  <testcase name="testNotify_whenOrderExists_shouldNotifyCustomerAndUpdateStatus" classname="com.snackbar.pickup.usecase.NotifyCustomerUseCaseImplTest" time="0.004">
    <system-out><![CDATA[Pedido 123 está PRONTO, Cliente notificado
]]></system-out>
  </testcase>
</testsuite>